{"D:\\egyebek\\Projects\\ES2023-module-e-training-01\\tests\\dual-calculator\\src\\CertificateService.js": {"path":"D:\\egyebek\\Projects\\ES2023-module-e-training-01\\tests\\dual-calculator\\src\\CertificateService.js","statementMap":{"0":{"start":{"line":3,"column":8},"end":{"line":3,"column":21}},"1":{"start":{"line":4,"column":8},"end":{"line":4,"column":25}},"2":{"start":{"line":5,"column":8},"end":{"line":5,"column":33}},"3":{"start":{"line":6,"column":8},"end":{"line":6,"column":27}},"4":{"start":{"line":12,"column":8},"end":{"line":12,"column":31}},"5":{"start":{"line":13,"column":8},"end":{"line":13,"column":43}},"6":{"start":{"line":17,"column":20},"end":{"line":17,"column":56}},"7":{"start":{"line":18,"column":8},"end":{"line":36,"column":9}},"8":{"start":{"line":19,"column":29},"end":{"line":19,"column":45}},"9":{"start":{"line":21,"column":12},"end":{"line":23,"column":13}},"10":{"start":{"line":22,"column":16},"end":{"line":22,"column":74}},"11":{"start":{"line":25,"column":25},"end":{"line":25,"column":46}},"12":{"start":{"line":26,"column":12},"end":{"line":30,"column":15}},"13":{"start":{"line":27,"column":36},"end":{"line":27,"column":86}},"14":{"start":{"line":28,"column":16},"end":{"line":28,"column":85}},"15":{"start":{"line":29,"column":16},"end":{"line":29,"column":35}},"16":{"start":{"line":32,"column":12},"end":{"line":32,"column":37}},"17":{"start":{"line":35,"column":12},"end":{"line":35,"column":83}},"18":{"start":{"line":40,"column":28},"end":{"line":40,"column":67}},"19":{"start":{"line":40,"column":56},"end":{"line":40,"column":66}},"20":{"start":{"line":41,"column":8},"end":{"line":43,"column":9}},"21":{"start":{"line":42,"column":12},"end":{"line":42,"column":88}},"22":{"start":{"line":44,"column":8},"end":{"line":44,"column":27}},"23":{"start":{"line":48,"column":8},"end":{"line":48,"column":33}},"24":{"start":{"line":52,"column":0},"end":{"line":52,"column":36}}},"fnMap":{"0":{"name":"(anonymous_0)","decl":{"start":{"line":2,"column":4},"end":{"line":2,"column":5}},"loc":{"start":{"line":2,"column":36},"end":{"line":7,"column":5}},"line":2},"1":{"name":"(anonymous_1)","decl":{"start":{"line":11,"column":4},"end":{"line":11,"column":5}},"loc":{"start":{"line":11,"column":31},"end":{"line":14,"column":5}},"line":11},"2":{"name":"(anonymous_2)","decl":{"start":{"line":16,"column":4},"end":{"line":16,"column":5}},"loc":{"start":{"line":16,"column":37},"end":{"line":37,"column":5}},"line":16},"3":{"name":"(anonymous_3)","decl":{"start":{"line":26,"column":41},"end":{"line":26,"column":42}},"loc":{"start":{"line":26,"column":49},"end":{"line":30,"column":13}},"line":26},"4":{"name":"(anonymous_4)","decl":{"start":{"line":39,"column":4},"end":{"line":39,"column":5}},"loc":{"start":{"line":39,"column":27},"end":{"line":45,"column":5}},"line":39},"5":{"name":"(anonymous_5)","decl":{"start":{"line":40,"column":51},"end":{"line":40,"column":52}},"loc":{"start":{"line":40,"column":56},"end":{"line":40,"column":66}},"line":40},"6":{"name":"(anonymous_6)","decl":{"start":{"line":47,"column":4},"end":{"line":47,"column":5}},"loc":{"start":{"line":47,"column":25},"end":{"line":49,"column":5}},"line":47}},"branchMap":{"0":{"loc":{"start":{"line":21,"column":12},"end":{"line":23,"column":13}},"type":"if","locations":[{"start":{"line":21,"column":12},"end":{"line":23,"column":13}},{"start":{},"end":{}}],"line":21},"1":{"loc":{"start":{"line":41,"column":8},"end":{"line":43,"column":9}},"type":"if","locations":[{"start":{"line":41,"column":8},"end":{"line":43,"column":9}},{"start":{},"end":{}}],"line":41},"2":{"loc":{"start":{"line":41,"column":12},"end":{"line":41,"column":46}},"type":"binary-expr","locations":[{"start":{"line":41,"column":12},"end":{"line":41,"column":23}},{"start":{"line":41,"column":27},"end":{"line":41,"column":46}}],"line":41}},"s":{"0":2,"1":2,"2":2,"3":2,"4":1,"5":1,"6":2,"7":2,"8":2,"9":2,"10":1,"11":1,"12":1,"13":2,"14":2,"15":2,"16":1,"17":1,"18":3,"19":2,"20":3,"21":2,"22":3,"23":1,"24":1},"f":{"0":2,"1":1,"2":2,"3":2,"4":3,"5":2,"6":1},"b":{"0":[1,1],"1":[2,1],"2":[3,2]},"_coverageSchema":"1a1c01bbd47fc00a2c39e90264f33305004495a9","hash":"0bb8ea11a8954c3088cd95d57a86dcda53ab3f8d"}
,"D:\\egyebek\\Projects\\ES2023-module-e-training-01\\tests\\dual-calculator\\src\\DualCalculator.js": {"path":"D:\\egyebek\\Projects\\ES2023-module-e-training-01\\tests\\dual-calculator\\src\\DualCalculator.js","statementMap":{"0":{"start":{"line":3,"column":8},"end":{"line":3,"column":41}},"1":{"start":{"line":4,"column":8},"end":{"line":4,"column":37}},"2":{"start":{"line":5,"column":8},"end":{"line":5,"column":43}},"3":{"start":{"line":6,"column":8},"end":{"line":6,"column":47}},"4":{"start":{"line":7,"column":8},"end":{"line":7,"column":37}},"5":{"start":{"line":8,"column":8},"end":{"line":8,"column":53}},"6":{"start":{"line":9,"column":8},"end":{"line":9,"column":43}},"7":{"start":{"line":14,"column":28},"end":{"line":14,"column":77}},"8":{"start":{"line":15,"column":31},"end":{"line":15,"column":84}},"9":{"start":{"line":16,"column":26},"end":{"line":16,"column":58}},"10":{"start":{"line":17,"column":8},"end":{"line":17,"column":25}},"11":{"start":{"line":21,"column":29},"end":{"line":21,"column":68}},"12":{"start":{"line":22,"column":28},"end":{"line":22,"column":85}},"13":{"start":{"line":23,"column":8},"end":{"line":25,"column":9}},"14":{"start":{"line":24,"column":12},"end":{"line":24,"column":68}},"15":{"start":{"line":27,"column":27},"end":{"line":27,"column":56}},"16":{"start":{"line":28,"column":8},"end":{"line":28,"column":101}},"17":{"start":{"line":32,"column":23},"end":{"line":32,"column":50}},"18":{"start":{"line":33,"column":8},"end":{"line":33,"column":66}},"19":{"start":{"line":37,"column":0},"end":{"line":37,"column":32}}},"fnMap":{"0":{"name":"(anonymous_0)","decl":{"start":{"line":2,"column":4},"end":{"line":2,"column":5}},"loc":{"start":{"line":2,"column":121},"end":{"line":10,"column":5}},"line":2},"1":{"name":"(anonymous_1)","decl":{"start":{"line":13,"column":4},"end":{"line":13,"column":5}},"loc":{"start":{"line":13,"column":27},"end":{"line":18,"column":5}},"line":13},"2":{"name":"(anonymous_2)","decl":{"start":{"line":20,"column":4},"end":{"line":20,"column":5}},"loc":{"start":{"line":20,"column":43},"end":{"line":29,"column":5}},"line":20},"3":{"name":"(anonymous_3)","decl":{"start":{"line":31,"column":4},"end":{"line":31,"column":5}},"loc":{"start":{"line":31,"column":20},"end":{"line":34,"column":5}},"line":31}},"branchMap":{"0":{"loc":{"start":{"line":23,"column":8},"end":{"line":25,"column":9}},"type":"if","locations":[{"start":{"line":23,"column":8},"end":{"line":25,"column":9}},{"start":{},"end":{}}],"line":23},"1":{"loc":{"start":{"line":23,"column":12},"end":{"line":23,"column":47}},"type":"binary-expr","locations":[{"start":{"line":23,"column":12},"end":{"line":23,"column":24}},{"start":{"line":23,"column":28},"end":{"line":23,"column":47}}],"line":23}},"s":{"0":1,"1":1,"2":1,"3":1,"4":1,"5":1,"6":1,"7":2,"8":2,"9":2,"10":2,"11":2,"12":2,"13":2,"14":1,"15":1,"16":1,"17":1,"18":1,"19":1},"f":{"0":1,"1":2,"2":2,"3":1},"b":{"0":[1,1],"1":[2,1]},"_coverageSchema":"1a1c01bbd47fc00a2c39e90264f33305004495a9","hash":"f4f8fb720b4dc317b4761a92adc3a9230cac06bb"}
,"D:\\egyebek\\Projects\\ES2023-module-e-training-01\\tests\\dual-calculator\\src\\SectorService.js": {"path":"D:\\egyebek\\Projects\\ES2023-module-e-training-01\\tests\\dual-calculator\\src\\SectorService.js","statementMap":{"0":{"start":{"line":3,"column":8},"end":{"line":3,"column":21}},"1":{"start":{"line":4,"column":8},"end":{"line":4,"column":25}},"2":{"start":{"line":5,"column":8},"end":{"line":5,"column":37}},"3":{"start":{"line":11,"column":8},"end":{"line":11,"column":26}},"4":{"start":{"line":15,"column":20},"end":{"line":15,"column":51}},"5":{"start":{"line":16,"column":8},"end":{"line":29,"column":9}},"6":{"start":{"line":17,"column":29},"end":{"line":17,"column":45}},"7":{"start":{"line":19,"column":12},"end":{"line":21,"column":13}},"8":{"start":{"line":20,"column":16},"end":{"line":20,"column":74}},"9":{"start":{"line":23,"column":25},"end":{"line":23,"column":46}},"10":{"start":{"line":24,"column":12},"end":{"line":24,"column":101}},"11":{"start":{"line":24,"column":46},"end":{"line":24,"column":99}},"12":{"start":{"line":25,"column":12},"end":{"line":25,"column":32}},"13":{"start":{"line":28,"column":12},"end":{"line":28,"column":78}},"14":{"start":{"line":33,"column":8},"end":{"line":33,"column":50}},"15":{"start":{"line":33,"column":38},"end":{"line":33,"column":48}},"16":{"start":{"line":37,"column":0},"end":{"line":37,"column":31}}},"fnMap":{"0":{"name":"(anonymous_0)","decl":{"start":{"line":2,"column":4},"end":{"line":2,"column":5}},"loc":{"start":{"line":2,"column":38},"end":{"line":6,"column":5}},"line":2},"1":{"name":"(anonymous_1)","decl":{"start":{"line":10,"column":4},"end":{"line":10,"column":5}},"loc":{"start":{"line":10,"column":18},"end":{"line":12,"column":5}},"line":10},"2":{"name":"(anonymous_2)","decl":{"start":{"line":14,"column":4},"end":{"line":14,"column":5}},"loc":{"start":{"line":14,"column":32},"end":{"line":30,"column":5}},"line":14},"3":{"name":"(anonymous_3)","decl":{"start":{"line":24,"column":36},"end":{"line":24,"column":37}},"loc":{"start":{"line":24,"column":46},"end":{"line":24,"column":99}},"line":24},"4":{"name":"(anonymous_4)","decl":{"start":{"line":32,"column":4},"end":{"line":32,"column":5}},"loc":{"start":{"line":32,"column":22},"end":{"line":34,"column":5}},"line":32},"5":{"name":"(anonymous_5)","decl":{"start":{"line":33,"column":33},"end":{"line":33,"column":34}},"loc":{"start":{"line":33,"column":38},"end":{"line":33,"column":48}},"line":33}},"branchMap":{"0":{"loc":{"start":{"line":19,"column":12},"end":{"line":21,"column":13}},"type":"if","locations":[{"start":{"line":19,"column":12},"end":{"line":21,"column":13}},{"start":{},"end":{}}],"line":19}},"s":{"0":1,"1":1,"2":1,"3":1,"4":2,"5":2,"6":2,"7":2,"8":1,"9":1,"10":1,"11":1,"12":1,"13":1,"14":2,"15":1,"16":1},"f":{"0":1,"1":1,"2":2,"3":1,"4":2,"5":1},"b":{"0":[1,1]},"_coverageSchema":"1a1c01bbd47fc00a2c39e90264f33305004495a9","hash":"24bda10faa9abd20d4b34a85e7401583d5bf5256"}
}
